RemCardsApp-Flutter/remcards/build/app/intermediates/manifest_merge_blame_file/release/manifest-merger-blame-release-report.txt
1<?xml version="1.0" encoding="utf-8"?>
2<manifest xmlns:android="http://schemas.android.com/apk/res/android"
3    package="com.remcards"
4    android:versionCode="1"
5    android:versionName="1.0.0" >
6
7    <uses-sdk
8        android:minSdkVersion="21"
8-->src\main\AndroidManifest.xml
9        android:targetSdkVersion="30" />
9-->src\main\AndroidManifest.xml
10
11    <uses-permission android:name="android.permission.INTERNET" />
11-->src\main\AndroidManifest.xml:3:5-66
11-->src\main\AndroidManifest.xml:3:22-64
12    <uses-permission android:name="android.permission.FOREGROUND_SERVICE" />
12-->src\main\AndroidManifest.xml:4:5-77
12-->src\main\AndroidManifest.xml:4:22-74
13    <uses-permission android:name="android.permission.SCHEDULE_EXACT_ALARM" />
13-->src\main\AndroidManifest.xml:5:5-78
13-->src\main\AndroidManifest.xml:5:22-76
14    <uses-permission android:name="android.permission.ACCESS_NOTIFICATION_POLICY" />
14-->src\main\AndroidManifest.xml:6:5-84
14-->src\main\AndroidManifest.xml:6:22-82
15    <uses-permission android:name="android.permission.USE_FULL_SCREEN_INTENT" />
15-->src\main\AndroidManifest.xml:7:5-81
15-->src\main\AndroidManifest.xml:7:22-78
16    <uses-permission android:name="android.permission.RECEIVE_BOOT_COMPLETED" />
16-->[:awesome_notifications] AndroidManifest.xml:7:5-81
16-->[:awesome_notifications] AndroidManifest.xml:7:22-78
17    <uses-permission android:name="android.permission.VIBRATE" /> <!-- for android -->
17-->[:awesome_notifications] AndroidManifest.xml:8:5-66
17-->[:awesome_notifications] AndroidManifest.xml:8:22-63
18    <!-- <uses-permission android:name="com.android.launcher.permission.READ_SETTINGS"/> -->
19    <!-- <uses-permission android:name="com.android.launcher.permission.WRITE_SETTINGS"/> -->
20    <!-- <uses-permission android:name="com.android.launcher.permission.INSTALL_SHORTCUT" /> -->
21    <!-- <uses-permission android:name="com.android.launcher.permission.UNINSTALL_SHORTCUT" /> -->
22    <!-- for Samsung -->
23    <uses-permission android:name="com.sec.android.provider.badge.permission.READ" />
23-->[me.leolin:ShortcutBadger:1.1.22] AndroidManifest.xml:19:5-86
23-->[me.leolin:ShortcutBadger:1.1.22] AndroidManifest.xml:19:22-83
24    <uses-permission android:name="com.sec.android.provider.badge.permission.WRITE" /> <!-- for htc -->
24-->[me.leolin:ShortcutBadger:1.1.22] AndroidManifest.xml:20:5-87
24-->[me.leolin:ShortcutBadger:1.1.22] AndroidManifest.xml:20:22-84
25    <uses-permission android:name="com.htc.launcher.permission.READ_SETTINGS" />
25-->[me.leolin:ShortcutBadger:1.1.22] AndroidManifest.xml:23:5-81
25-->[me.leolin:ShortcutBadger:1.1.22] AndroidManifest.xml:23:22-78
26    <uses-permission android:name="com.htc.launcher.permission.UPDATE_SHORTCUT" /> <!-- for sony -->
26-->[me.leolin:ShortcutBadger:1.1.22] AndroidManifest.xml:24:5-83
26-->[me.leolin:ShortcutBadger:1.1.22] AndroidManifest.xml:24:22-80
27    <uses-permission android:name="com.sonyericsson.home.permission.BROADCAST_BADGE" />
27-->[me.leolin:ShortcutBadger:1.1.22] AndroidManifest.xml:27:5-88
27-->[me.leolin:ShortcutBadger:1.1.22] AndroidManifest.xml:27:22-85
28    <uses-permission android:name="com.sonymobile.home.permission.PROVIDER_INSERT_BADGE" /> <!-- for apex -->
28-->[me.leolin:ShortcutBadger:1.1.22] AndroidManifest.xml:28:5-92
28-->[me.leolin:ShortcutBadger:1.1.22] AndroidManifest.xml:28:22-89
29    <uses-permission android:name="com.anddoes.launcher.permission.UPDATE_COUNT" /> <!-- for solid -->
29-->[me.leolin:ShortcutBadger:1.1.22] AndroidManifest.xml:31:5-84
29-->[me.leolin:ShortcutBadger:1.1.22] AndroidManifest.xml:31:22-81
30    <uses-permission android:name="com.majeur.launcher.permission.UPDATE_BADGE" /> <!-- for huawei -->
30-->[me.leolin:ShortcutBadger:1.1.22] AndroidManifest.xml:34:5-83
30-->[me.leolin:ShortcutBadger:1.1.22] AndroidManifest.xml:34:22-80
31    <uses-permission android:name="com.huawei.android.launcher.permission.CHANGE_BADGE" />
31-->[me.leolin:ShortcutBadger:1.1.22] AndroidManifest.xml:37:5-91
31-->[me.leolin:ShortcutBadger:1.1.22] AndroidManifest.xml:37:22-88
32    <uses-permission android:name="com.huawei.android.launcher.permission.READ_SETTINGS" />
32-->[me.leolin:ShortcutBadger:1.1.22] AndroidManifest.xml:38:5-92
32-->[me.leolin:ShortcutBadger:1.1.22] AndroidManifest.xml:38:22-89
33    <uses-permission android:name="com.huawei.android.launcher.permission.WRITE_SETTINGS" /> <!-- for ZUK -->
33-->[me.leolin:ShortcutBadger:1.1.22] AndroidManifest.xml:39:5-93
33-->[me.leolin:ShortcutBadger:1.1.22] AndroidManifest.xml:39:22-90
34    <uses-permission android:name="android.permission.READ_APP_BADGE" /> <!-- for OPPO -->
34-->[me.leolin:ShortcutBadger:1.1.22] AndroidManifest.xml:42:5-73
34-->[me.leolin:ShortcutBadger:1.1.22] AndroidManifest.xml:42:22-70
35    <uses-permission android:name="com.oppo.launcher.permission.READ_SETTINGS" />
35-->[me.leolin:ShortcutBadger:1.1.22] AndroidManifest.xml:45:5-82
35-->[me.leolin:ShortcutBadger:1.1.22] AndroidManifest.xml:45:22-79
36    <uses-permission android:name="com.oppo.launcher.permission.WRITE_SETTINGS" /> <!-- for EvMe -->
36-->[me.leolin:ShortcutBadger:1.1.22] AndroidManifest.xml:46:5-83
36-->[me.leolin:ShortcutBadger:1.1.22] AndroidManifest.xml:46:22-80
37    <uses-permission android:name="me.everything.badger.permission.BADGE_COUNT_READ" />
37-->[me.leolin:ShortcutBadger:1.1.22] AndroidManifest.xml:49:5-88
37-->[me.leolin:ShortcutBadger:1.1.22] AndroidManifest.xml:49:22-85
38    <uses-permission android:name="me.everything.badger.permission.BADGE_COUNT_WRITE" />
38-->[me.leolin:ShortcutBadger:1.1.22] AndroidManifest.xml:50:5-89
38-->[me.leolin:ShortcutBadger:1.1.22] AndroidManifest.xml:50:22-86
39
40    <application
40-->src\main\AndroidManifest.xml:8:4-47:19
41        android:appComponentFactory="androidx.core.app.CoreComponentFactory"
41-->[androidx.core:core:1.7.0] AndroidManifest.xml:24:18-86
42        android:icon="@mipmap/ic_launcher"
42-->src\main\AndroidManifest.xml:10:9-43
43        android:label="RemCards" >
43-->src\main\AndroidManifest.xml:9:9-33
44        <activity
44-->src\main\AndroidManifest.xml:11:9-41:20
45            android:name="com.remcards.MainActivity"
45-->src\main\AndroidManifest.xml:12:13-41
46            android:configChanges="orientation|keyboardHidden|keyboard|screenSize|smallestScreenSize|locale|layoutDirection|fontScale|screenLayout|density|uiMode"
46-->src\main\AndroidManifest.xml:15:13-163
47            android:exported="true"
47-->src\main\AndroidManifest.xml:18:13-36
48            android:hardwareAccelerated="true"
48-->src\main\AndroidManifest.xml:16:13-47
49            android:launchMode="singleTop"
49-->src\main\AndroidManifest.xml:13:13-43
50            android:showOnLockScreen="true"
50-->src\main\AndroidManifest.xml:19:13-44
51            android:theme="@style/LaunchTheme"
51-->src\main\AndroidManifest.xml:14:13-47
52            android:windowSoftInputMode="adjustResize" >
52-->src\main\AndroidManifest.xml:17:13-55
53
54            <!--
55                 Specifies an Android theme to apply to this Activity as soon as
56                 the Android process has started. This theme is visible to the user
57                 while the Flutter UI initializes. After that, this theme continues
58                 to determine the Window background behind the Flutter UI.
59            -->
60            <meta-data
60-->src\main\AndroidManifest.xml:24:13-27:17
61                android:name="io.flutter.embedding.android.NormalTheme"
61-->src\main\AndroidManifest.xml:25:15-70
62                android:resource="@style/NormalTheme" />
62-->src\main\AndroidManifest.xml:26:15-52
63            <!--
64                 Displays an Android View that continues showing the launch screen
65                 Drawable until Flutter paints its first frame, then this splash
66                 screen fades out. A splash screen is useful to avoid any visual
67                 gap between the end of Android's launch screen and the painting of
68                 Flutter's first frame.
69            -->
70            <meta-data
70-->src\main\AndroidManifest.xml:33:13-36:17
71                android:name="io.flutter.embedding.android.SplashScreenDrawable"
71-->src\main\AndroidManifest.xml:34:15-79
72                android:resource="@drawable/launch_background" />
72-->src\main\AndroidManifest.xml:35:15-61
73
74            <intent-filter>
74-->src\main\AndroidManifest.xml:37:13-40:29
75                <action android:name="android.intent.action.MAIN" />
75-->src\main\AndroidManifest.xml:38:17-68
75-->src\main\AndroidManifest.xml:38:25-66
76
77                <category android:name="android.intent.category.LAUNCHER" />
77-->src\main\AndroidManifest.xml:39:17-76
77-->src\main\AndroidManifest.xml:39:27-74
78            </intent-filter>
79        </activity>
80        <!--
81             Don't delete the meta-data below.
82             This is used by the Flutter tool to generate GeneratedPluginRegistrant.java
83        -->
84        <meta-data
84-->src\main\AndroidManifest.xml:44:9-46:33
85            android:name="flutterEmbedding"
85-->src\main\AndroidManifest.xml:45:13-44
86            android:value="2" />
86-->src\main\AndroidManifest.xml:46:13-30
87
88        <receiver
88-->[:awesome_notifications] AndroidManifest.xml:11:9-13:40
89            android:name="me.carda.awesome_notifications.notifications.broadcastReceivers.DismissedNotificationReceiver"
89-->[:awesome_notifications] AndroidManifest.xml:12:13-121
90            android:exported="false" />
90-->[:awesome_notifications] AndroidManifest.xml:13:13-37
91        <receiver
91-->[:awesome_notifications] AndroidManifest.xml:14:9-16:40
92            android:name="me.carda.awesome_notifications.notifications.broadcastReceivers.ScheduledNotificationReceiver"
92-->[:awesome_notifications] AndroidManifest.xml:15:13-121
93            android:exported="false" />
93-->[:awesome_notifications] AndroidManifest.xml:16:13-37
94        <receiver
94-->[:awesome_notifications] AndroidManifest.xml:17:9-19:40
95            android:name="me.carda.awesome_notifications.notifications.broadcastReceivers.KeepOnTopActionReceiver"
95-->[:awesome_notifications] AndroidManifest.xml:18:13-115
96            android:exported="false" />
96-->[:awesome_notifications] AndroidManifest.xml:19:13-37
97        <receiver
97-->[:awesome_notifications] AndroidManifest.xml:20:9-33:20
98            android:name="me.carda.awesome_notifications.notifications.broadcastReceivers.RefreshSchedulesReceiver"
98-->[:awesome_notifications] AndroidManifest.xml:21:13-116
99            android:exported="false" >
99-->[:awesome_notifications] AndroidManifest.xml:22:13-37
100            <intent-filter>
100-->[:awesome_notifications] AndroidManifest.xml:23:13-32:29
101                <category android:name="android.intent.category.DEFAULT" />
101-->[:awesome_notifications] AndroidManifest.xml:24:17-76
101-->[:awesome_notifications] AndroidManifest.xml:24:27-73
102
103                <action android:name="android.intent.action.BOOT_COMPLETED" />
103-->[:awesome_notifications] AndroidManifest.xml:26:17-79
103-->[:awesome_notifications] AndroidManifest.xml:26:25-76
104                <action android:name="android.intent.action.LOCKED_BOOT_COMPLETED" />
104-->[:awesome_notifications] AndroidManifest.xml:27:17-86
104-->[:awesome_notifications] AndroidManifest.xml:27:25-83
105                <action android:name="android.intent.action.MY_PACKAGE_REPLACED" />
105-->[:awesome_notifications] AndroidManifest.xml:28:17-84
105-->[:awesome_notifications] AndroidManifest.xml:28:25-81
106                <action android:name="android.intent.action.QUICKBOOT_POWERON" />
106-->[:awesome_notifications] AndroidManifest.xml:29:17-82
106-->[:awesome_notifications] AndroidManifest.xml:29:25-79
107                <action android:name="com.htc.intent.action.QUICKBOOT_POWERON" />
107-->[:awesome_notifications] AndroidManifest.xml:30:17-82
107-->[:awesome_notifications] AndroidManifest.xml:30:25-79
108                <action android:name="android.app.action.SCHEDULE_EXACT_ALARM_PERMISSION_STATE_CHANGED" />
108-->[:awesome_notifications] AndroidManifest.xml:31:17-107
108-->[:awesome_notifications] AndroidManifest.xml:31:25-104
109            </intent-filter>
110        </receiver>
111        <receiver
111-->[:flutter_local_notifications] AndroidManifest.xml:13:9-15:40
112            android:name="com.dexterous.flutterlocalnotifications.ScheduledNotificationReceiver"
112-->[:flutter_local_notifications] AndroidManifest.xml:14:13-97
113            android:exported="false" />
113-->[:flutter_local_notifications] AndroidManifest.xml:15:13-37
114        <receiver
114-->[:flutter_local_notifications] AndroidManifest.xml:16:9-25:20
115            android:name="com.dexterous.flutterlocalnotifications.ScheduledNotificationBootReceiver"
115-->[:flutter_local_notifications] AndroidManifest.xml:17:13-101
116            android:exported="false" >
116-->[:flutter_local_notifications] AndroidManifest.xml:18:13-37
117            <intent-filter>
117-->[:flutter_local_notifications] AndroidManifest.xml:19:13-24:29
118                <action android:name="android.intent.action.BOOT_COMPLETED" />
118-->[:awesome_notifications] AndroidManifest.xml:26:17-79
118-->[:awesome_notifications] AndroidManifest.xml:26:25-76
119                <action android:name="android.intent.action.MY_PACKAGE_REPLACED" />
119-->[:awesome_notifications] AndroidManifest.xml:28:17-84
119-->[:awesome_notifications] AndroidManifest.xml:28:25-81
120                <action android:name="android.intent.action.QUICKBOOT_POWERON" />
120-->[:awesome_notifications] AndroidManifest.xml:29:17-82
120-->[:awesome_notifications] AndroidManifest.xml:29:25-79
121                <action android:name="com.htc.intent.action.QUICKBOOT_POWERON" />
121-->[:awesome_notifications] AndroidManifest.xml:30:17-82
121-->[:awesome_notifications] AndroidManifest.xml:30:25-79
122            </intent-filter>
123        </receiver>
124
125        <uses-library
125-->[androidx.window:window:1.0.0-beta04] AndroidManifest.xml:25:9-27:40
126            android:name="androidx.window.extensions"
126-->[androidx.window:window:1.0.0-beta04] AndroidManifest.xml:26:13-54
127            android:required="false" />
127-->[androidx.window:window:1.0.0-beta04] AndroidManifest.xml:27:13-37
128        <uses-library
128-->[androidx.window:window:1.0.0-beta04] AndroidManifest.xml:28:9-30:40
129            android:name="androidx.window.sidecar"
129-->[androidx.window:window:1.0.0-beta04] AndroidManifest.xml:29:13-51
130            android:required="false" />
130-->[androidx.window:window:1.0.0-beta04] AndroidManifest.xml:30:13-37
131
132        <provider
132-->[androidx.lifecycle:lifecycle-process:2.2.0] AndroidManifest.xml:25:9-29:43
133            android:name="androidx.lifecycle.ProcessLifecycleOwnerInitializer"
133-->[androidx.lifecycle:lifecycle-process:2.2.0] AndroidManifest.xml:26:13-79
134            android:authorities="com.remcards.lifecycle-process"
134-->[androidx.lifecycle:lifecycle-process:2.2.0] AndroidManifest.xml:27:13-69
135            android:exported="false"
135-->[androidx.lifecycle:lifecycle-process:2.2.0] AndroidManifest.xml:28:13-37
136            android:multiprocess="true" />
136-->[androidx.lifecycle:lifecycle-process:2.2.0] AndroidManifest.xml:29:13-40
137    </application>
138
139</manifest>